[2015-03-13 11:14:27] START
[2015-03-13 11:16:29] EDIT mpt/models/db.py: 0
[2015-03-13 11:16:31] EDIT mpt/models/db.py: 0
[2015-03-13 11:34:58] EDIT mpt/models/db_wizard.py: 0
[2015-03-13 11:35:19] EDIT mpt/models/db_wizard.py: 0
[2015-03-13 11:35:37] EDIT mpt/models/db_wizard.py: 0
[2015-03-13 11:36:03] EDIT mpt/models/db_wizard.py: 0
[2015-03-13 11:38:04] EDIT mpt/models/db.py: 1
[2015-03-13 11:38:47] EDIT mpt/views/layout.html: 0
[2015-03-13 11:45:41] EDIT mpt/models/oxgarage.py: 0
[2015-03-13 11:47:40] EDIT mpt/models/oxgarage.py: 0
[2015-03-13 11:49:03] EDIT mpt/models/oxgarage.py: 0
[2015-03-13 11:49:47] EDIT mpt/models/oxgarage.py: 0
[2015-03-13 11:57:11] EDIT mpt/models/oxgarage.py: 0
[2015-03-13 11:57:29] EDIT mpt/models/oxgarage.py: 0
[2015-03-13 11:57:58] EDIT mpt/models/oxgarage.py: -1
[2015-03-13 11:58:24] EDIT mpt/models/oxgarage.py: -2
[2015-03-13 11:59:48] EDIT mpt/models/oxgarage.py: 2
[2015-03-13 11:59:56] EDIT mpt/models/oxgarage.py: 0
[2015-03-13 12:00:06] EDIT mpt/models/oxgarage.py: 0
[2015-03-13 12:02:00] EDIT mpt/models/oxgarage.py: 1
[2015-03-13 12:09:13] EDIT mpt/controllers/default.py: 0
[2015-03-13 12:11:47] EDIT mpt/views/default/file_management_read.html: 0
[2015-03-13 12:12:17] EDIT mpt/views/default/file_management_read.html: 0
[2015-03-13 12:12:43] EDIT mpt/views/default/file_management_read.html: 0
[2015-04-20 13:38:37] EDIT HEIDIEditor/models/db.py: 0
[2015-04-20 13:38:49] EDIT HEIDIEditor/models/db.py: 1
[2015-04-22 13:56:24] EDIT HEIDIEditor/static/HEIDIEditor/cgi/bookJson.py: 0
[2015-04-22 13:58:53] EDIT HEIDIEditor/static/meTypeset/output/nlm/001.xml: 0
[2015-04-22 13:58:57] EDIT HEIDIEditor/static/meTypeset/output/nlm/001.xml: 0
[2015-04-23 11:30:57] EDIT HEIDIEditor/views/layout.html: 1
[2015-04-23 11:31:28] EDIT HEIDIEditor/views/layout.html: 0
[2015-04-23 12:25:45] EDIT HEIDIEditor/views/layout.html: 7
[2015-04-23 12:27:43] EDIT HEIDIEditor/views/layout.html: 0
[2015-04-23 12:28:42] EDIT HEIDIEditor/views/layout.html: -1
[2015-04-23 12:31:25] EDIT HEIDIEditor/views/layout.html: 0
[2015-04-23 12:33:12] EDIT HEIDIEditor/views/layout.html: 0
[2015-04-23 12:34:22] EDIT HEIDIEditor/views/layout.html: -4
[2015-04-23 12:35:34] EDIT HEIDIEditor/views/layout.html: 0
[2015-04-23 12:36:26] EDIT HEIDIEditor/views/layout.html: -1
[2015-04-23 12:37:00] EDIT HEIDIEditor/views/layout.html: 0
[2015-04-23 13:07:16] EDIT HEIDIEditor/views/layout.html: 0
[2015-04-23 13:10:19] EDIT HEIDIEditor/views/layout.html: 0
[2015-04-23 13:11:45] EDIT HEIDIEditor/views/layout.html: 0
[2015-04-23 13:12:10] EDIT HEIDIEditor/views/layout.html: 0
[2015-04-23 13:12:22] EDIT HEIDIEditor/views/layout.html: 0
[2015-04-23 13:14:07] EDIT HEIDIEditor/views/layout.html: 5
[2015-04-23 13:14:56] EDIT HEIDIEditor/views/layout.html: 0
[2015-04-23 13:47:29] EDIT HEIDIEditor/views/layout.html: 0
[2015-04-23 13:49:04] EDIT HEIDIEditor/views/layout.html: 0
[2015-04-23 13:50:20] EDIT HEIDIEditor/models/db_wizard.py: 0
[2015-04-23 13:50:37] EDIT HEIDIEditor/models/db_wizard.py: 0
[2015-04-23 13:50:43] EDIT HEIDIEditor/models/db_wizard.py: 0
[2015-04-23 13:51:32] EDIT HEIDIEditor/controllers/default.py: 0
[2015-04-23 13:51:40] EDIT HEIDIEditor/controllers/default.py: 0
[2015-04-23 13:52:38] EDIT HEIDIEditor/views/default/files_create.html: -1
[2015-04-23 13:53:27] EDIT HEIDIEditor/views/default/file_management_create.html: -1
[2015-04-23 13:54:24] DELETE HEIDIEditor/views/default/files_create.html: -4
[2015-04-23 13:54:36] DELETE HEIDIEditor/views/default/files_read.html: -5
[2015-04-23 13:54:43] DELETE HEIDIEditor/views/default/files_search.html: -10
[2015-04-23 13:54:48] DELETE HEIDIEditor/views/default/files_select.html: -12
[2015-04-23 13:54:57] DELETE HEIDIEditor/views/default/files_update.html: -4
[2015-04-23 13:56:11] EDIT HEIDIEditor/controllers/default.py: 0
[2015-04-23 13:56:59] EDIT HEIDIEditor/controllers/default.py: 1
[2015-04-23 13:57:18] EDIT HEIDIEditor/controllers/default.py: 0
[2015-04-23 13:57:23] EDIT HEIDIEditor/controllers/default.py: 0
[2015-04-23 13:57:52] EDIT HEIDIEditor/controllers/default.py: 0
[2015-04-23 13:58:00] EDIT HEIDIEditor/controllers/default.py: 0
[2015-04-23 13:58:02] EDIT HEIDIEditor/controllers/default.py: 0
[2015-04-23 13:58:12] EDIT HEIDIEditor/controllers/default.py: 0
[2015-04-23 13:58:24] EDIT HEIDIEditor/controllers/default.py: 0
[2015-04-23 13:58:37] EDIT HEIDIEditor/controllers/default.py: 0
[2015-04-23 13:58:38] EDIT HEIDIEditor/controllers/default.py: 0
[2015-04-23 13:58:38] EDIT HEIDIEditor/controllers/default.py: 0
[2015-04-23 13:59:22] EDIT HEIDIEditor/controllers/default.py: 0
